<?xml version="1.0" encoding="UTF-8"?>
<testsuite xmlns:xsi="http://www.w3.org/2001/XMLSchema-instance" xsi:schemaLocation="https://maven.apache.org/surefire/maven-surefire-plugin/xsd/surefire-test-report.xsd" name="TestSuite" time="1,131.115" tests="6" errors="0" skipped="0" failures="0">
  <properties>
[...]
</properties>
  <testcase name="verifyHeaders" classname="testCases.EstimateSizeCost_TC" time="412.208"/>
  <testcase name="verifyHeaders" classname="testCases.EstimateSizeCost_TC" time="110.704"/>
  <testcase name="verifyHeaders" classname="testCases.EstimateSizeCost_TC" time="107.754"/>
  <testcase name="verifyHeaders" classname="testCases.EstimateSizeCost_TC" time="101.932"/>
  <testcase name="verifyHeaders" classname="testCases.EstimateSizeCost_TC" time="101.578"/>
  <testcase name="verifyHeaders" classname="testCases.EstimateSizeCost_TC" time="101.47"/>
</testsuite>